<?xml version="1.0" encoding="UTF-8"?>
<testng-results skipped="0" failed="0" ignored="0" total="1" passed="1">
  <reporter-output>
  </reporter-output>
  <suite name="Default suite" duration-ms="7730" started-at="2020-08-07T15:30:03Z" finished-at="2020-08-07T15:30:10Z">
    <groups>
    </groups>
    <test name="Default test" duration-ms="7730" started-at="2020-08-07T15:30:03Z" finished-at="2020-08-07T15:30:10Z">
      <class name="com.actions.CheckOut">
        <test-method status="PASS" signature="openBrowser()[pri:0, instance:com.actions.CheckOut@48524010]" name="openBrowser" is-config="true" duration-ms="6592" started-at="2020-08-07T15:30:03Z" finished-at="2020-08-07T15:30:09Z">
          <reporter-output>
          </reporter-output>
        </test-method> <!-- openBrowser -->
        <test-method status="PASS" signature="homePage()[pri:0, instance:com.actions.CheckOut@48524010]" name="homePage" duration-ms="1109" started-at="2020-08-07T15:30:09Z" finished-at="2020-08-07T15:30:10Z">
          <reporter-output>
          </reporter-output>
        </test-method> <!-- homePage -->
        <test-method status="PASS" signature="closeBrowser()[pri:0, instance:com.actions.CheckOut@48524010]" name="closeBrowser" is-config="true" duration-ms="0" started-at="2020-08-07T15:30:10Z" finished-at="2020-08-07T15:30:10Z">
          <reporter-output>
          </reporter-output>
        </test-method> <!-- closeBrowser -->
      </class> <!-- com.actions.CheckOut -->
    </test> <!-- Default test -->
  </suite> <!-- Default suite -->
</testng-results>
