<?xml version="1.0" encoding="UTF-8"?>
<!-- Generated by org.testng.reporters.JUnitXMLReporter -->
<testsuite hostname="DESKTOP-MVUB78F" ignored="0" name="Default test" tests="3" failures="0" timestamp="28 Jul 2020 11:55:28 GMT" time="12.769" errors="0">
  <testcase name="executehomepage" time="2.649" classname="POMTest.PageObjects"/>
  <testcase name="executelogin" time="0.001" classname="POMTest.PageObjects"/>
  <testcase name="executelogout" time="0.001" classname="POMTest.PageObjects"/>
</testsuite> <!-- Default test -->
