<?xml version="1.0" encoding="UTF-8"?>
<!-- Generated by org.testng.reporters.JUnitXMLReporter -->
<testsuite hostname="DESKTOP-MVUB78F" ignored="0" name="Test" tests="7" failures="0" timestamp="07 Aug 2020 15:15:15 GMT" time="51.709" errors="0">
  <testcase name="ActionsinHomepage" time="2.677" classname="com.actions.HomePageActions"/>
  <testcase name="homepagetests" time="1.022" classname="com.actions.LoginPageActions"/>
  <testcase name="invalidLogin" time="1.67" classname="com.actions.LoginPageActions"/>
  <testcase name="homepagetests" time="1.047" classname="com.actions.ForgotPasswordActions"/>
  <testcase name="homepageactions" time="1.003" classname="com.actions.RegisterActions"/>
  <testcase name="registerActions" time="0.919" classname="com.actions.RegisterActions"/>
  <testcase name="forgotpasswordtests" time="0.241" classname="com.actions.ForgotPasswordActions"/>
</testsuite> <!-- Test -->
